16:31:29.603636 [main.go:9][ERROR] error
16:31:29.603636 [main.go:11][WARNNING] warnning
16:31:29.603636 [main.go:12][MSG] msg
16:31:29.603636 [main.go:13][DEBUG] debug
16:31:29.603636 [function.go:8][MSG] function f1
16:32:36.501308 [main.go:9][ERROR] error
16:32:36.501308 [main.go:11][WARNNING] warnning
16:32:36.501308 [main.go:12][MSG] msg
16:32:36.501326 [main.go:13][DEBUG] debug
16:32:36.501338 [function.go:8][MSG] function f1
16:32:41.521278 [main.go:9][ERROR] error
16:32:41.521417 [main.go:11][WARNNING] warnning
16:32:41.521483 [main.go:12][MSG] msg
16:32:41.521542 [main.go:13][DEBUG] debug
16:32:41.521590 [function.go:8][MSG] function f1
16:39:09.478294 [main.go:13][ERROR] error
16:39:09.478335 [main.go:15][WARNNING] warnning
16:39:09.478352 [main.go:16][MSG] msg
16:39:09.478364 [main.go:17][DEBUG] debug
16:39:09.478376 [function.go:8][MSG] function f1
16:43:05.544422 [main.go:14][ERROR] error
16:43:05.544478 [main.go:15][WARNNING] warnning
16:43:05.544500 [main.go:16][MSG] msg
16:43:05.544518 [main.go:17][DEBUG] debug
16:47:24.959129 [main.go:20][ERROR] error
16:47:24.959163 [main.go:21][WARNNING] warnning
16:47:24.959203 [main.go:22][MSG] msg
16:47:24.959229 [main.go:23][DEBUG] debug
16:48:51.415521 [main.go:20][ERROR] error
16:48:51.415553 [main.go:21][WARNNING] warnning
16:48:51.415568 [main.go:22][MSG] msg
16:48:51.415582 [main.go:23][DEBUG] debug
16:49:03.407145 [main.go:20][ERROR] error
16:49:03.407185 [main.go:21][WARNNING] warnning
16:49:03.407200 [main.go:22][MSG] msg
16:49:03.407214 [main.go:23][DEBUG] debug
16:49:33.938947 [main.go:20][ERROR] error
16:49:33.938993 [main.go:21][WARNNING] warnning
16:49:33.939010 [main.go:22][MSG] msg
16:49:33.939024 [main.go:23][DEBUG] debug
16:49:38.263443 [main.go:20][ERROR] error
16:49:38.263479 [main.go:21][WARNNING] warnning
16:49:38.263495 [main.go:22][MSG] msg
16:49:38.263510 [main.go:23][DEBUG] debug
16:49:47.264362 [main.go:20][ERROR] error
16:49:47.264415 [main.go:21][WARNNING] warnning
16:49:47.264435 [main.go:22][MSG] msg
16:49:47.264452 [main.go:23][DEBUG] debug
16:49:53.127462 [main.go:20][ERROR] error
16:49:53.127622 [main.go:21][WARNNING] warnning
16:49:53.127971 [main.go:22][MSG] msg
16:49:53.128040 [main.go:23][DEBUG] debug
16:50:15.871006 [main.go:20][ERROR] error
16:50:15.871006 [main.go:21][WARNNING] warnning
16:50:15.871006 [main.go:22][MSG] msg
16:50:15.871006 [main.go:23][DEBUG] debug
16:50:54.379301 [main.go:20][ERROR] error
16:50:54.379317 [main.go:21][WARNNING] warnning
16:50:54.379323 [main.go:22][MSG] msg
16:50:54.379328 [main.go:23][DEBUG] debug
16:57:22.071882 [main.go:21][ERROR] error
16:57:22.071925 [main.go:22][WARNNING] warnning
16:57:22.071928 [main.go:23][MSG] msg
16:57:22.072045 [main.go:24][DEBUG] debug
16:57:29.119773 [main.go:21][ERROR] error
16:57:29.119813 [main.go:22][WARNNING] warnning
16:57:29.119829 [main.go:23][MSG] msg
16:57:29.119843 [main.go:24][DEBUG] debug
16:57:34.044272 [main.go:21][ERROR] error
16:57:34.044305 [main.go:22][WARNNING] warnning
16:57:34.044320 [main.go:23][MSG] msg
16:57:34.044333 [main.go:24][DEBUG] debug
16:59:20.771405 [main.go:23][ERROR] error
16:59:20.771464 [main.go:24][WARNNING] warnning
16:59:20.771496 [main.go:25][MSG] msg
16:59:20.771519 [main.go:26][DEBUG] debug
16:59:28.066209 [main.go:23][ERROR] error
16:59:28.066255 [main.go:24][WARNNING] warnning
16:59:28.066272 [main.go:25][MSG] msg
16:59:28.066287 [main.go:26][DEBUG] debug
16:59:39.890736 [main.go:23][ERROR] error
16:59:39.890948 [main.go:24][WARNNING] warnning
16:59:39.891217 [main.go:25][MSG] msg
16:59:39.891251 [main.go:26][DEBUG] debug
16:59:46.430294 [main.go:23][ERROR] error
16:59:46.430318 [main.go:24][WARNNING] warnning
16:59:46.430327 [main.go:25][MSG] msg
16:59:46.430335 [main.go:26][DEBUG] debug
16:59:54.113487 [main.go:23][ERROR] error
16:59:54.113665 [main.go:24][WARNNING] warnning
16:59:54.114199 [main.go:25][MSG] msg
16:59:54.114239 [main.go:26][DEBUG] debug
17:00:02.212732 [main.go:23][ERROR] error
17:00:02.212790 [main.go:24][WARNNING] warnning
17:00:02.212811 [main.go:25][MSG] msg
17:00:02.212829 [main.go:26][DEBUG] debug
17:00:10.499448 [main.go:23][ERROR] error
17:00:10.499495 [main.go:24][WARNNING] warnning
17:00:10.499513 [main.go:25][MSG] msg
17:00:10.499530 [main.go:26][DEBUG] debug
17:00:15.485601 [main.go:23][ERROR] error
17:00:15.485644 [main.go:24][WARNNING] warnning
17:00:15.485657 [main.go:25][MSG] msg
17:00:15.485667 [main.go:26][DEBUG] debug
17:01:34.235022 [main.go:25][ERROR] error
17:01:34.235347 [main.go:26][WARNNING] warnning
17:01:34.235389 [main.go:27][MSG] msg
17:01:34.235412 [main.go:28][DEBUG] debug
17:01:38.454431 [main.go:25][ERROR] error
17:01:38.454485 [main.go:26][WARNNING] warnning
17:01:38.454509 [main.go:27][MSG] msg
17:01:38.454531 [main.go:28][DEBUG] debug
17:01:39.186332 [main.go:25][ERROR] error
17:01:39.186389 [main.go:26][WARNNING] warnning
17:01:39.186416 [main.go:27][MSG] msg
17:01:39.186438 [main.go:28][DEBUG] debug
17:02:07.504218 [main.go:26][ERROR] error
17:02:07.504262 [main.go:27][WARNNING] warnning
17:02:07.504282 [main.go:28][MSG] msg
17:02:07.504301 [main.go:29][DEBUG] debug
17:06:30.780075 [main.go:25][ERROR] error
17:06:30.780155 [main.go:26][WARNNING] warnning
17:06:30.780184 [main.go:27][MSG] msg
17:06:30.780203 [main.go:28][DEBUG] debug
17:06:34.105723 [main.go:25][ERROR] error
17:06:34.105829 [main.go:26][WARNNING] warnning
17:06:34.105857 [main.go:27][MSG] msg
17:06:34.105880 [main.go:28][DEBUG] debug
